{"level":"info","message":"🚀 Server running in undefined mode on port 5001","service":"wholesale-market-api","timestamp":"2025-11-12 15:52:19"}
{"level":"info","message":"📊 Health check available at http://localhost:5001/health","service":"wholesale-market-api","timestamp":"2025-11-12 15:52:19"}
{"level":"info","message":"🚀 Server running in undefined mode on port 5001","service":"wholesale-market-api","timestamp":"2025-11-12 16:17:21"}
{"level":"info","message":"📊 Health check available at http://localhost:5001/health","service":"wholesale-market-api","timestamp":"2025-11-12 16:17:21"}
{"level":"info","message":"🚀 Server running in undefined mode on port 5001","service":"wholesale-market-api","timestamp":"2025-11-12 16:23:17"}
{"level":"info","message":"📊 Health check available at http://localhost:5001/health","service":"wholesale-market-api","timestamp":"2025-11-12 16:23:17"}
{"level":"info","message":"🚀 Server running in undefined mode on port 5001","service":"wholesale-market-api","timestamp":"2025-11-12 16:24:42"}
{"level":"info","message":"📊 Health check available at http://localhost:5001/health","service":"wholesale-market-api","timestamp":"2025-11-12 16:24:42"}
{"level":"info","message":"🚀 Server running in undefined mode on port 5001","service":"wholesale-market-api","timestamp":"2025-11-12 16:26:25"}
{"level":"info","message":"📊 Health check available at http://localhost:5001/health","service":"wholesale-market-api","timestamp":"2025-11-12 16:26:25"}
{"level":"info","message":"🚀 Server running in undefined mode on port 5001","service":"wholesale-market-api","timestamp":"2025-11-12 16:26:41"}
{"level":"info","message":"📊 Health check available at http://localhost:5001/health","service":"wholesale-market-api","timestamp":"2025-11-12 16:26:41"}
{"level":"info","message":"🚀 Server running in undefined mode on port 5001","service":"wholesale-market-api","timestamp":"2025-11-12 16:29:01"}
{"level":"info","message":"📊 Health check available at http://localhost:5001/health","service":"wholesale-market-api","timestamp":"2025-11-12 16:29:01"}
{"level":"info","message":"🚀 Server running in development mode on port 5000","service":"wholesale-market-api","timestamp":"2025-11-12 16:32:52"}
{"level":"info","message":"📊 Health check available at http://localhost:5000/health","service":"wholesale-market-api","timestamp":"2025-11-12 16:32:52"}
{"level":"info","message":"🚀 Server running in development mode on port 5000","service":"wholesale-market-api","timestamp":"2025-11-12 16:34:55"}
{"level":"info","message":"📊 Health check available at http://localhost:5000/health","service":"wholesale-market-api","timestamp":"2025-11-12 16:34:55"}
{"level":"info","message":"🚀 Server running in development mode on port 5000","service":"wholesale-market-api","timestamp":"2025-11-12 16:36:05"}
{"level":"info","message":"📊 Health check available at http://localhost:5000/health","service":"wholesale-market-api","timestamp":"2025-11-12 16:36:05"}
{"level":"info","message":"🚀 Server running in development mode on port 5000","service":"wholesale-market-api","timestamp":"2025-11-12 16:36:34"}
{"level":"info","message":"📊 Health check available at http://localhost:5000/health","service":"wholesale-market-api","timestamp":"2025-11-12 16:36:34"}
{"level":"info","message":"🚀 Server running in development mode on port 5000","service":"wholesale-market-api","timestamp":"2025-11-12 16:37:36"}
{"level":"info","message":"📊 Health check available at http://localhost:5000/health","service":"wholesale-market-api","timestamp":"2025-11-12 16:37:36"}
{"level":"info","message":"🚀 Server running in development mode on port 5000","service":"wholesale-market-api","timestamp":"2025-11-12 16:40:13"}
{"level":"info","message":"📊 Health check available at http://localhost:5000/health","service":"wholesale-market-api","timestamp":"2025-11-12 16:40:13"}
{"level":"info","message":"🚀 Server running in development mode on port 5000","service":"wholesale-market-api","timestamp":"2025-11-12 16:40:32"}
{"level":"info","message":"📊 Health check available at http://localhost:5000/health","service":"wholesale-market-api","timestamp":"2025-11-12 16:40:32"}
{"level":"info","message":"🚀 Server running in development mode on port 5000","service":"wholesale-market-api","timestamp":"2025-11-12 16:42:27"}
{"level":"info","message":"📊 Health check available at http://localhost:5000/health","service":"wholesale-market-api","timestamp":"2025-11-12 16:42:27"}
{"level":"info","message":"🚀 Server running in development mode on port 5000","service":"wholesale-market-api","timestamp":"2025-11-12 16:44:27"}
{"level":"info","message":"📊 Health check available at http://localhost:5000/health","service":"wholesale-market-api","timestamp":"2025-11-12 16:44:27"}
{"level":"info","message":"🚀 Server running in development mode on port 5000","service":"wholesale-market-api","timestamp":"2025-11-12 16:45:33"}
{"level":"info","message":"📊 Health check available at http://localhost:5000/health","service":"wholesale-market-api","timestamp":"2025-11-12 16:45:33"}
{"level":"info","message":"🚀 Server running in development mode on port 5000","service":"wholesale-market-api","timestamp":"2025-11-12 16:52:25"}
{"level":"info","message":"📊 Health check available at http://localhost:5000/health","service":"wholesale-market-api","timestamp":"2025-11-12 16:52:25"}
{"level":"info","message":"🚀 Server running in development mode on port 5000","service":"wholesale-market-api","timestamp":"2025-11-12 16:54:30"}
{"level":"info","message":"📊 Health check available at http://localhost:5000/health","service":"wholesale-market-api","timestamp":"2025-11-12 16:54:30"}
{"level":"info","message":"🚀 Server running in development mode on port 5000","service":"wholesale-market-api","timestamp":"2025-11-12 17:00:23"}
{"level":"info","message":"📊 Health check available at http://localhost:5000/health","service":"wholesale-market-api","timestamp":"2025-11-12 17:00:23"}
{"level":"info","message":"🚀 Server running in development mode on port 5000","service":"wholesale-market-api","timestamp":"2025-11-12 17:11:39"}
{"level":"info","message":"📊 Health check available at http://localhost:5000/health","service":"wholesale-market-api","timestamp":"2025-11-12 17:11:39"}
{"level":"info","message":"🚀 Server running in development mode on port 5000","service":"wholesale-market-api","timestamp":"2025-11-12 17:17:59"}
{"level":"info","message":"📊 Health check available at http://localhost:5000/health","service":"wholesale-market-api","timestamp":"2025-11-12 17:17:59"}
{"level":"info","message":"🚀 Server running in development mode on port 5000","service":"wholesale-market-api","timestamp":"2025-11-12 17:18:26"}
{"level":"info","message":"📊 Health check available at http://localhost:5000/health","service":"wholesale-market-api","timestamp":"2025-11-12 17:18:26"}
{"level":"info","message":"🚀 Server running in development mode on port 5000","service":"wholesale-market-api","timestamp":"2025-11-12 17:25:53"}
{"level":"info","message":"📊 Health check available at http://localhost:5000/health","service":"wholesale-market-api","timestamp":"2025-11-12 17:25:53"}
{"level":"info","message":"🚀 Server running in development mode on port 5000","service":"wholesale-market-api","timestamp":"2025-11-12 17:34:18"}
{"level":"info","message":"📊 Health check available at http://localhost:5000/health","service":"wholesale-market-api","timestamp":"2025-11-12 17:34:18"}
{"level":"info","message":"🚀 Server running in development mode on port 5000","service":"wholesale-market-api","timestamp":"2025-11-12 17:40:02"}
{"level":"info","message":"📊 Health check available at http://localhost:5000/health","service":"wholesale-market-api","timestamp":"2025-11-12 17:40:02"}
{"level":"info","message":"🚀 Server running in development mode on port 5000","service":"wholesale-market-api","timestamp":"2025-11-12 17:56:35"}
{"level":"info","message":"📊 Health check available at http://localhost:5000/health","service":"wholesale-market-api","timestamp":"2025-11-12 17:56:35"}
{"level":"info","message":"🚀 Server running in development mode on port 5000","service":"wholesale-market-api","timestamp":"2025-11-12 18:11:48"}
{"level":"info","message":"📊 Health check available at http://localhost:5000/health","service":"wholesale-market-api","timestamp":"2025-11-12 18:11:48"}
{"level":"info","message":"🚀 Server running in development mode on port 5000","service":"wholesale-market-api","timestamp":"2025-11-12 19:05:34"}
{"level":"info","message":"📊 Health check available at http://localhost:5000/health","service":"wholesale-market-api","timestamp":"2025-11-12 19:05:34"}
{"level":"info","message":"🚀 Server running in development mode on port 5000","service":"wholesale-market-api","timestamp":"2025-11-12 19:12:47"}
{"level":"info","message":"📊 Health check available at http://localhost:5000/health","service":"wholesale-market-api","timestamp":"2025-11-12 19:12:47"}
{"level":"info","message":"🚀 Server running in development mode on port 5000","service":"wholesale-market-api","timestamp":"2025-11-13 10:22:10"}
{"level":"info","message":"📊 Health check available at http://localhost:5000/health","service":"wholesale-market-api","timestamp":"2025-11-13 10:22:10"}
{"level":"info","message":"🚀 Server running in development mode on port 5000","service":"wholesale-market-api","timestamp":"2025-11-13 10:27:03"}
{"level":"info","message":"📊 Health check available at http://localhost:5000/health","service":"wholesale-market-api","timestamp":"2025-11-13 10:27:03"}
{"level":"info","message":"SIGINT received, shutting down gracefully","service":"wholesale-market-api","timestamp":"2025-11-13 10:38:23"}
{"level":"info","message":"🚀 Server running in development mode on port 5000","service":"wholesale-market-api","timestamp":"2025-11-13 11:16:39"}
{"level":"info","message":"📊 Health check available at http://localhost:5000/health","service":"wholesale-market-api","timestamp":"2025-11-13 11:16:39"}
{"level":"info","message":"🚀 Server running in development mode on port 5000","service":"wholesale-market-api","timestamp":"2025-11-13 11:19:39"}
{"level":"info","message":"📊 Health check available at http://localhost:5000/health","service":"wholesale-market-api","timestamp":"2025-11-13 11:19:40"}
{"level":"info","message":"SIGINT received, shutting down gracefully","service":"wholesale-market-api","timestamp":"2025-11-13 12:16:37"}
{"level":"info","message":"🚀 Server running in development mode on port 5000","service":"wholesale-market-api","timestamp":"2025-11-13 12:42:38"}
{"level":"info","message":"📊 Health check available at http://localhost:5000/health","service":"wholesale-market-api","timestamp":"2025-11-13 12:42:38"}
{"level":"info","message":"🚀 Server running in development mode on port 5000","service":"wholesale-market-api","timestamp":"2025-11-13 12:44:08"}
{"level":"info","message":"📊 Health check available at http://localhost:5000/health","service":"wholesale-market-api","timestamp":"2025-11-13 12:44:08"}
{"level":"info","message":"🚀 Server running in development mode on port 5000","service":"wholesale-market-api","timestamp":"2025-11-13 12:44:49"}
{"level":"info","message":"📊 Health check available at http://localhost:5000/health","service":"wholesale-market-api","timestamp":"2025-11-13 12:44:49"}
{"level":"info","message":"🚀 Server running in development mode on port 5000","service":"wholesale-market-api","timestamp":"2025-11-13 12:46:57"}
{"level":"info","message":"📊 Health check available at http://localhost:5000/health","service":"wholesale-market-api","timestamp":"2025-11-13 12:46:57"}
{"level":"info","message":"🚀 Server running in development mode on port 5000","service":"wholesale-market-api","timestamp":"2025-11-13 13:01:06"}
{"level":"info","message":"📊 Health check available at http://localhost:5000/health","service":"wholesale-market-api","timestamp":"2025-11-13 13:01:06"}
{"level":"info","message":"SIGINT received, shutting down gracefully","service":"wholesale-market-api","timestamp":"2025-11-13 13:47:31"}
{"level":"info","message":"🚀 Server running in development mode on port 5000","service":"wholesale-market-api","timestamp":"2025-11-13 13:47:56"}
{"level":"info","message":"📊 Health check available at http://localhost:5000/health","service":"wholesale-market-api","timestamp":"2025-11-13 13:47:56"}
{"level":"info","message":"🚀 Server running in development mode on port 5000","service":"wholesale-market-api","timestamp":"2025-11-13 13:58:04"}
{"level":"info","message":"📊 Health check available at http://localhost:5000/health","service":"wholesale-market-api","timestamp":"2025-11-13 13:58:04"}
{"level":"info","message":"SIGINT received, shutting down gracefully","service":"wholesale-market-api","timestamp":"2025-11-13 13:59:07"}
{"level":"info","message":"🚀 Server running in development mode on port 5000","service":"wholesale-market-api","timestamp":"2025-11-13 14:01:33"}
{"level":"info","message":"📊 Health check available at http://localhost:5000/health","service":"wholesale-market-api","timestamp":"2025-11-13 14:01:33"}
{"level":"info","message":"🚀 Server running in development mode on port 5000","service":"wholesale-market-api","timestamp":"2025-11-13 14:14:47"}
{"level":"info","message":"📊 Health check available at http://localhost:5000/health","service":"wholesale-market-api","timestamp":"2025-11-13 14:14:47"}
{"level":"info","message":"🚀 Server running in development mode on port 5000","service":"wholesale-market-api","timestamp":"2025-11-13 14:19:12"}
{"level":"info","message":"📊 Health check available at http://localhost:5000/health","service":"wholesale-market-api","timestamp":"2025-11-13 14:19:12"}
{"level":"info","message":"🚀 Server running in development mode on port 5000","service":"wholesale-market-api","timestamp":"2025-11-13 14:23:32"}
{"level":"info","message":"📊 Health check available at http://localhost:5000/health","service":"wholesale-market-api","timestamp":"2025-11-13 14:23:32"}
{"level":"info","message":"🚀 Server running in development mode on port 5000","service":"wholesale-market-api","timestamp":"2025-11-13 14:23:48"}
{"level":"info","message":"📊 Health check available at http://localhost:5000/health","service":"wholesale-market-api","timestamp":"2025-11-13 14:23:48"}
{"level":"info","message":"🚀 Server running in development mode on port 5000","service":"wholesale-market-api","timestamp":"2025-11-13 14:43:43"}
{"level":"info","message":"📊 Health check available at http://localhost:5000/health","service":"wholesale-market-api","timestamp":"2025-11-13 14:43:43"}
{"level":"info","message":"🚀 Server running in development mode on port 5000","service":"wholesale-market-api","timestamp":"2025-11-13 14:45:06"}
{"level":"info","message":"📊 Health check available at http://localhost:5000/health","service":"wholesale-market-api","timestamp":"2025-11-13 14:45:06"}
{"level":"info","message":"🚀 Server running in development mode on port 5000","service":"wholesale-market-api","timestamp":"2025-11-13 14:47:22"}
{"level":"info","message":"📊 Health check available at http://localhost:5000/health","service":"wholesale-market-api","timestamp":"2025-11-13 14:47:22"}
{"level":"info","message":"🚀 Server running in development mode on port 5000","service":"wholesale-market-api","timestamp":"2025-11-13 14:48:12"}
{"level":"info","message":"📊 Health check available at http://localhost:5000/health","service":"wholesale-market-api","timestamp":"2025-11-13 14:48:12"}
{"level":"info","message":"🚀 Server running in development mode on port 5000","service":"wholesale-market-api","timestamp":"2025-11-13 14:48:31"}
{"level":"info","message":"📊 Health check available at http://localhost:5000/health","service":"wholesale-market-api","timestamp":"2025-11-13 14:48:31"}
{"level":"info","message":"🚀 Server running in development mode on port 5000","service":"wholesale-market-api","timestamp":"2025-11-13 14:57:46"}
{"level":"info","message":"📊 Health check available at http://localhost:5000/health","service":"wholesale-market-api","timestamp":"2025-11-13 14:57:46"}
{"level":"info","message":"🚀 Server running in development mode on port 5000","service":"wholesale-market-api","timestamp":"2025-11-13 14:57:58"}
{"level":"info","message":"📊 Health check available at http://localhost:5000/health","service":"wholesale-market-api","timestamp":"2025-11-13 14:57:58"}
{"level":"info","message":"🚀 Server running in development mode on port 5000","service":"wholesale-market-api","timestamp":"2025-11-13 14:59:41"}
{"level":"info","message":"📊 Health check available at http://localhost:5000/health","service":"wholesale-market-api","timestamp":"2025-11-13 14:59:41"}
{"level":"info","message":"🚀 Server running in development mode on port 5000","service":"wholesale-market-api","timestamp":"2025-11-13 15:07:37"}
{"level":"info","message":"📊 Health check available at http://localhost:5000/health","service":"wholesale-market-api","timestamp":"2025-11-13 15:07:37"}
{"level":"info","message":"🚀 Server running in development mode on port 5000","service":"wholesale-market-api","timestamp":"2025-11-13 15:08:17"}
{"level":"info","message":"📊 Health check available at http://localhost:5000/health","service":"wholesale-market-api","timestamp":"2025-11-13 15:08:17"}
{"level":"info","message":"🚀 Server running in development mode on port 5000","service":"wholesale-market-api","timestamp":"2025-11-13 15:13:49"}
{"level":"info","message":"📊 Health check available at http://localhost:5000/health","service":"wholesale-market-api","timestamp":"2025-11-13 15:13:49"}
{"level":"info","message":"🚀 Server running in development mode on port 5000","service":"wholesale-market-api","timestamp":"2025-11-13 15:13:59"}
{"level":"info","message":"📊 Health check available at http://localhost:5000/health","service":"wholesale-market-api","timestamp":"2025-11-13 15:13:59"}
{"level":"info","message":"🚀 Server running in development mode on port 5000","service":"wholesale-market-api","timestamp":"2025-11-13 15:17:22"}
{"level":"info","message":"📊 Health check available at http://localhost:5000/health","service":"wholesale-market-api","timestamp":"2025-11-13 15:17:22"}
{"level":"info","message":"🚀 Server running in development mode on port 5000","service":"wholesale-market-api","timestamp":"2025-11-13 15:30:42"}
{"level":"info","message":"📊 Health check available at http://localhost:5000/health","service":"wholesale-market-api","timestamp":"2025-11-13 15:30:42"}
{"level":"info","message":"🚀 Server running in development mode on port 5000","service":"wholesale-market-api","timestamp":"2025-11-13 15:32:07"}
{"level":"info","message":"📊 Health check available at http://localhost:5000/health","service":"wholesale-market-api","timestamp":"2025-11-13 15:32:07"}
{"level":"info","message":"🚀 Server running in development mode on port 5000","service":"wholesale-market-api","timestamp":"2025-11-13 15:34:25"}
{"level":"info","message":"📊 Health check available at http://localhost:5000/health","service":"wholesale-market-api","timestamp":"2025-11-13 15:34:25"}
{"level":"info","message":"🚀 Server running in development mode on port 5000","service":"wholesale-market-api","timestamp":"2025-11-13 15:37:03"}
{"level":"info","message":"📊 Health check available at http://localhost:5000/health","service":"wholesale-market-api","timestamp":"2025-11-13 15:37:03"}
{"level":"info","message":"🚀 Server running in development mode on port 5000","service":"wholesale-market-api","timestamp":"2025-11-13 15:38:51"}
{"level":"info","message":"📊 Health check available at http://localhost:5000/health","service":"wholesale-market-api","timestamp":"2025-11-13 15:38:51"}
{"level":"info","message":"🚀 Server running in development mode on port 5000","service":"wholesale-market-api","timestamp":"2025-11-13 15:39:50"}
{"level":"info","message":"📊 Health check available at http://localhost:5000/health","service":"wholesale-market-api","timestamp":"2025-11-13 15:39:50"}
{"level":"info","message":"🚀 Server running in development mode on port 5000","service":"wholesale-market-api","timestamp":"2025-11-13 15:40:39"}
{"level":"info","message":"📊 Health check available at http://localhost:5000/health","service":"wholesale-market-api","timestamp":"2025-11-13 15:40:39"}
{"level":"info","message":"🚀 Server running in development mode on port 5000","service":"wholesale-market-api","timestamp":"2025-11-13 15:40:50"}
{"level":"info","message":"📊 Health check available at http://localhost:5000/health","service":"wholesale-market-api","timestamp":"2025-11-13 15:40:50"}
{"level":"info","message":"🚀 Server running in development mode on port 5000","service":"wholesale-market-api","timestamp":"2025-11-13 15:42:15"}
{"level":"info","message":"📊 Health check available at http://localhost:5000/health","service":"wholesale-market-api","timestamp":"2025-11-13 15:42:15"}
{"level":"info","message":"🚀 Server running in development mode on port 5000","service":"wholesale-market-api","timestamp":"2025-11-13 15:44:59"}
{"level":"info","message":"📊 Health check available at http://localhost:5000/health","service":"wholesale-market-api","timestamp":"2025-11-13 15:44:59"}
{"level":"info","message":"🚀 Server running in development mode on port 5000","service":"wholesale-market-api","timestamp":"2025-11-13 15:46:34"}
{"level":"info","message":"📊 Health check available at http://localhost:5000/health","service":"wholesale-market-api","timestamp":"2025-11-13 15:46:34"}
{"level":"info","message":"🚀 Server running in development mode on port 5000","service":"wholesale-market-api","timestamp":"2025-11-13 15:50:46"}
{"level":"info","message":"📊 Health check available at http://localhost:5000/health","service":"wholesale-market-api","timestamp":"2025-11-13 15:50:46"}
{"level":"info","message":"🚀 Server running in development mode on port 5000","service":"wholesale-market-api","timestamp":"2025-11-13 15:51:02"}
{"level":"info","message":"📊 Health check available at http://localhost:5000/health","service":"wholesale-market-api","timestamp":"2025-11-13 15:51:02"}
{"level":"info","message":"🚀 Server running in development mode on port 5000","service":"wholesale-market-api","timestamp":"2025-11-13 15:51:51"}
{"level":"info","message":"📊 Health check available at http://localhost:5000/health","service":"wholesale-market-api","timestamp":"2025-11-13 15:51:51"}
{"level":"info","message":"🚀 Server running in development mode on port 5000","service":"wholesale-market-api","timestamp":"2025-11-13 15:52:33"}
{"level":"info","message":"📊 Health check available at http://localhost:5000/health","service":"wholesale-market-api","timestamp":"2025-11-13 15:52:33"}
{"level":"info","message":"🚀 Server running in development mode on port 5000","service":"wholesale-market-api","timestamp":"2025-11-13 16:02:13"}
{"level":"info","message":"📊 Health check available at http://localhost:5000/health","service":"wholesale-market-api","timestamp":"2025-11-13 16:02:13"}
{"level":"info","message":"🚀 Server running in development mode on port 5000","service":"wholesale-market-api","timestamp":"2025-11-13 16:02:31"}
{"level":"info","message":"📊 Health check available at http://localhost:5000/health","service":"wholesale-market-api","timestamp":"2025-11-13 16:02:31"}
{"level":"info","message":"🚀 Server running in development mode on port 5000","service":"wholesale-market-api","timestamp":"2025-11-13 16:12:58"}
{"level":"info","message":"📊 Health check available at http://localhost:5000/health","service":"wholesale-market-api","timestamp":"2025-11-13 16:12:58"}
{"level":"info","message":"🚀 Server running in development mode on port 5000","service":"wholesale-market-api","timestamp":"2025-11-13 16:15:29"}
{"level":"info","message":"📊 Health check available at http://localhost:5000/health","service":"wholesale-market-api","timestamp":"2025-11-13 16:15:29"}
{"level":"info","message":"🚀 Server running in development mode on port 5000","service":"wholesale-market-api","timestamp":"2025-11-13 16:28:38"}
{"level":"info","message":"📊 Health check available at http://localhost:5000/health","service":"wholesale-market-api","timestamp":"2025-11-13 16:28:38"}
{"level":"info","message":"🚀 Server running in development mode on port 5000","service":"wholesale-market-api","timestamp":"2025-11-13 16:28:49"}
{"level":"info","message":"📊 Health check available at http://localhost:5000/health","service":"wholesale-market-api","timestamp":"2025-11-13 16:28:49"}
{"level":"info","message":"🚀 Server running in development mode on port 5000","service":"wholesale-market-api","timestamp":"2025-11-13 16:29:37"}
{"level":"info","message":"📊 Health check available at http://localhost:5000/health","service":"wholesale-market-api","timestamp":"2025-11-13 16:29:37"}
{"level":"info","message":"🚀 Server running in development mode on port 5000","service":"wholesale-market-api","timestamp":"2025-11-13 16:30:14"}
{"level":"info","message":"📊 Health check available at http://localhost:5000/health","service":"wholesale-market-api","timestamp":"2025-11-13 16:30:14"}
{"level":"info","message":"🚀 Server running in development mode on port 5000","service":"wholesale-market-api","timestamp":"2025-11-13 16:30:58"}
{"level":"info","message":"📊 Health check available at http://localhost:5000/health","service":"wholesale-market-api","timestamp":"2025-11-13 16:30:58"}
{"level":"info","message":"🚀 Server running in development mode on port 5000","service":"wholesale-market-api","timestamp":"2025-11-13 16:38:08"}
{"level":"info","message":"📊 Health check available at http://localhost:5000/health","service":"wholesale-market-api","timestamp":"2025-11-13 16:38:08"}
{"level":"info","message":"🚀 Server running in development mode on port 5000","service":"wholesale-market-api","timestamp":"2025-11-13 16:40:55"}
{"level":"info","message":"📊 Health check available at http://localhost:5000/health","service":"wholesale-market-api","timestamp":"2025-11-13 16:40:55"}
{"level":"info","message":"🚀 Server running in development mode on port 5000","service":"wholesale-market-api","timestamp":"2025-11-13 16:41:41"}
{"level":"info","message":"📊 Health check available at http://localhost:5000/health","service":"wholesale-market-api","timestamp":"2025-11-13 16:41:41"}
{"level":"info","message":"🚀 Server running in development mode on port 5000","service":"wholesale-market-api","timestamp":"2025-11-13 16:42:58"}
{"level":"info","message":"📊 Health check available at http://localhost:5000/health","service":"wholesale-market-api","timestamp":"2025-11-13 16:42:58"}
{"level":"info","message":"🚀 Server running in development mode on port 5000","service":"wholesale-market-api","timestamp":"2025-11-13 16:43:26"}
{"level":"info","message":"📊 Health check available at http://localhost:5000/health","service":"wholesale-market-api","timestamp":"2025-11-13 16:43:26"}
{"level":"info","message":"🚀 Server running in development mode on port 5000","service":"wholesale-market-api","timestamp":"2025-11-13 16:43:43"}
{"level":"info","message":"📊 Health check available at http://localhost:5000/health","service":"wholesale-market-api","timestamp":"2025-11-13 16:43:43"}
{"level":"info","message":"🚀 Server running in development mode on port 5000","service":"wholesale-market-api","timestamp":"2025-11-13 16:45:15"}
{"level":"info","message":"📊 Health check available at http://localhost:5000/health","service":"wholesale-market-api","timestamp":"2025-11-13 16:45:15"}
{"level":"info","message":"🚀 Server running in development mode on port 5000","service":"wholesale-market-api","timestamp":"2025-11-13 16:45:30"}
{"level":"info","message":"📊 Health check available at http://localhost:5000/health","service":"wholesale-market-api","timestamp":"2025-11-13 16:45:30"}
{"level":"info","message":"🚀 Server running in development mode on port 5000","service":"wholesale-market-api","timestamp":"2025-11-13 17:13:40"}
{"level":"info","message":"📊 Health check available at http://localhost:5000/health","service":"wholesale-market-api","timestamp":"2025-11-13 17:13:40"}
{"level":"info","message":"🚀 Server running in development mode on port 5000","service":"wholesale-market-api","timestamp":"2025-11-13 17:15:35"}
{"level":"info","message":"📊 Health check available at http://localhost:5000/health","service":"wholesale-market-api","timestamp":"2025-11-13 17:15:35"}
{"level":"info","message":"🚀 Server running in development mode on port 5000","service":"wholesale-market-api","timestamp":"2025-11-13 17:15:48"}
{"level":"info","message":"📊 Health check available at http://localhost:5000/health","service":"wholesale-market-api","timestamp":"2025-11-13 17:15:48"}
{"level":"info","message":"🚀 Server running in development mode on port 5000","service":"wholesale-market-api","timestamp":"2025-11-13 17:16:32"}
{"level":"info","message":"📊 Health check available at http://localhost:5000/health","service":"wholesale-market-api","timestamp":"2025-11-13 17:16:32"}
{"level":"info","message":"🚀 Server running in development mode on port 5000","service":"wholesale-market-api","timestamp":"2025-11-13 17:20:58"}
{"level":"info","message":"📊 Health check available at http://localhost:5000/health","service":"wholesale-market-api","timestamp":"2025-11-13 17:20:58"}
{"level":"info","message":"🚀 Server running in development mode on port 5000","service":"wholesale-market-api","timestamp":"2025-11-13 17:23:11"}
{"level":"info","message":"📊 Health check available at http://localhost:5000/health","service":"wholesale-market-api","timestamp":"2025-11-13 17:23:11"}
{"level":"info","message":"🚀 Server running in development mode on port 5000","service":"wholesale-market-api","timestamp":"2025-11-13 17:23:25"}
{"level":"info","message":"📊 Health check available at http://localhost:5000/health","service":"wholesale-market-api","timestamp":"2025-11-13 17:23:25"}
{"level":"info","message":"🚀 Server running in development mode on port 5000","service":"wholesale-market-api","timestamp":"2025-11-13 17:23:26"}
{"level":"info","message":"📊 Health check available at http://localhost:5000/health","service":"wholesale-market-api","timestamp":"2025-11-13 17:23:26"}
{"level":"info","message":"🚀 Server running in development mode on port 5000","service":"wholesale-market-api","timestamp":"2025-11-13 17:25:49"}
{"level":"info","message":"📊 Health check available at http://localhost:5000/health","service":"wholesale-market-api","timestamp":"2025-11-13 17:25:49"}
{"level":"info","message":"🚀 Server running in development mode on port 5000","service":"wholesale-market-api","timestamp":"2025-11-13 17:39:43"}
{"level":"info","message":"📊 Health check available at http://localhost:5000/health","service":"wholesale-market-api","timestamp":"2025-11-13 17:39:43"}
{"level":"info","message":"🚀 Server running in development mode on port 5000","service":"wholesale-market-api","timestamp":"2025-11-13 17:47:16"}
{"level":"info","message":"📊 Health check available at http://localhost:5000/health","service":"wholesale-market-api","timestamp":"2025-11-13 17:47:16"}
{"level":"info","message":"🚀 Server running in development mode on port 5000","service":"wholesale-market-api","timestamp":"2025-11-13 17:48:03"}
{"level":"info","message":"📊 Health check available at http://localhost:5000/health","service":"wholesale-market-api","timestamp":"2025-11-13 17:48:03"}
{"level":"info","message":"🚀 Server running in development mode on port 5000","service":"wholesale-market-api","timestamp":"2025-11-13 17:49:46"}
{"level":"info","message":"📊 Health check available at http://localhost:5000/health","service":"wholesale-market-api","timestamp":"2025-11-13 17:49:46"}
{"level":"info","message":"🚀 Server running in development mode on port 5000","service":"wholesale-market-api","timestamp":"2025-11-13 17:50:48"}
{"level":"info","message":"📊 Health check available at http://localhost:5000/health","service":"wholesale-market-api","timestamp":"2025-11-13 17:50:48"}
{"level":"info","message":"🚀 Server running in development mode on port 5000","service":"wholesale-market-api","timestamp":"2025-11-13 18:12:23"}
{"level":"info","message":"📊 Health check available at http://localhost:5000/health","service":"wholesale-market-api","timestamp":"2025-11-13 18:12:23"}
{"level":"info","message":"🚀 Server running in development mode on port 5000","service":"wholesale-market-api","timestamp":"2025-11-13 18:12:28"}
{"level":"info","message":"📊 Health check available at http://localhost:5000/health","service":"wholesale-market-api","timestamp":"2025-11-13 18:12:28"}
{"level":"info","message":"🚀 Server running in development mode on port 5000","service":"wholesale-market-api","timestamp":"2025-11-13 18:13:59"}
{"level":"info","message":"📊 Health check available at http://localhost:5000/health","service":"wholesale-market-api","timestamp":"2025-11-13 18:13:59"}
{"level":"info","message":"🚀 Server running in development mode on port 5000","service":"wholesale-market-api","timestamp":"2025-11-13 18:14:03"}
{"level":"info","message":"📊 Health check available at http://localhost:5000/health","service":"wholesale-market-api","timestamp":"2025-11-13 18:14:03"}
{"level":"info","message":"🚀 Server running in development mode on port 5000","service":"wholesale-market-api","timestamp":"2025-11-13 18:14:15"}
{"level":"info","message":"📊 Health check available at http://localhost:5000/health","service":"wholesale-market-api","timestamp":"2025-11-13 18:14:15"}
{"level":"info","message":"🚀 Server running in development mode on port 5000","service":"wholesale-market-api","timestamp":"2025-11-13 18:14:21"}
{"level":"info","message":"📊 Health check available at http://localhost:5000/health","service":"wholesale-market-api","timestamp":"2025-11-13 18:14:21"}
{"level":"info","message":"🚀 Server running in development mode on port 5000","service":"wholesale-market-api","timestamp":"2025-11-13 18:14:56"}
{"level":"info","message":"📊 Health check available at http://localhost:5000/health","service":"wholesale-market-api","timestamp":"2025-11-13 18:14:56"}
{"level":"info","message":"🚀 Server running in development mode on port 5000","service":"wholesale-market-api","timestamp":"2025-11-13 18:15:25"}
{"level":"info","message":"📊 Health check available at http://localhost:5000/health","service":"wholesale-market-api","timestamp":"2025-11-13 18:15:25"}
{"level":"info","message":"🚀 Server running in development mode on port 5000","service":"wholesale-market-api","timestamp":"2025-11-13 18:18:20"}
{"level":"info","message":"📊 Health check available at http://localhost:5000/health","service":"wholesale-market-api","timestamp":"2025-11-13 18:18:20"}
{"level":"info","message":"🚀 Server running in development mode on port 5000","service":"wholesale-market-api","timestamp":"2025-11-13 18:20:28"}
{"level":"info","message":"📊 Health check available at http://localhost:5000/health","service":"wholesale-market-api","timestamp":"2025-11-13 18:20:28"}
{"level":"info","message":"🚀 Server running in development mode on port 5000","service":"wholesale-market-api","timestamp":"2025-11-13 18:24:23"}
{"level":"info","message":"📊 Health check available at http://localhost:5000/health","service":"wholesale-market-api","timestamp":"2025-11-13 18:24:23"}
{"level":"info","message":"🚀 Server running in development mode on port 5000","service":"wholesale-market-api","timestamp":"2025-11-13 18:24:37"}
{"level":"info","message":"📊 Health check available at http://localhost:5000/health","service":"wholesale-market-api","timestamp":"2025-11-13 18:24:37"}
{"level":"info","message":"🚀 Server running in development mode on port 5000","service":"wholesale-market-api","timestamp":"2025-11-13 18:24:50"}
{"level":"info","message":"📊 Health check available at http://localhost:5000/health","service":"wholesale-market-api","timestamp":"2025-11-13 18:24:50"}
{"level":"info","message":"🚀 Server running in development mode on port 5000","service":"wholesale-market-api","timestamp":"2025-11-13 18:36:09"}
{"level":"info","message":"📊 Health check available at http://localhost:5000/health","service":"wholesale-market-api","timestamp":"2025-11-13 18:36:09"}
{"level":"info","message":"🚀 Server running in development mode on port 5000","service":"wholesale-market-api","timestamp":"2025-11-13 19:24:18"}
{"level":"info","message":"🚀 Server running in development mode on port 5000","service":"wholesale-market-api","timestamp":"2025-11-13 23:21:41"}
{"level":"info","message":"📊 Health check available at http://localhost:5000/health","service":"wholesale-market-api","timestamp":"2025-11-13 23:21:41"}
{"level":"info","message":"🚀 Server running in development mode on port 5000","service":"wholesale-market-api","timestamp":"2025-11-13 23:22:06"}
{"level":"info","message":"📊 Health check available at http://localhost:5000/health","service":"wholesale-market-api","timestamp":"2025-11-13 23:22:06"}
{"level":"info","message":"🚀 Server running in development mode on port 5000","service":"wholesale-market-api","timestamp":"2025-11-14 10:34:32"}
{"level":"info","message":"📊 Health check available at http://localhost:5000/health","service":"wholesale-market-api","timestamp":"2025-11-14 10:34:32"}
{"level":"info","message":"🚀 Server running in development mode on port 5000","service":"wholesale-market-api","timestamp":"2025-11-14 10:36:45"}
{"level":"info","message":"📊 Health check available at http://localhost:5000/health","service":"wholesale-market-api","timestamp":"2025-11-14 10:36:45"}
{"level":"info","message":"🚀 Server running in development mode on port 5000","service":"wholesale-market-api","timestamp":"2025-11-14 10:37:29"}
{"level":"info","message":"📊 Health check available at http://localhost:5000/health","service":"wholesale-market-api","timestamp":"2025-11-14 10:37:29"}
{"level":"info","message":"🚀 Server running in development mode on port 5000","service":"wholesale-market-api","timestamp":"2025-11-14 10:37:46"}
{"level":"info","message":"📊 Health check available at http://localhost:5000/health","service":"wholesale-market-api","timestamp":"2025-11-14 10:37:46"}
{"level":"info","message":"🚀 Server running in development mode on port 5000","service":"wholesale-market-api","timestamp":"2025-11-14 10:38:41"}
{"level":"info","message":"📊 Health check available at http://localhost:5000/health","service":"wholesale-market-api","timestamp":"2025-11-14 10:38:41"}
{"level":"info","message":"🚀 Server running in development mode on port 5000","service":"wholesale-market-api","timestamp":"2025-11-14 10:38:45"}
{"level":"info","message":"📊 Health check available at http://localhost:5000/health","service":"wholesale-market-api","timestamp":"2025-11-14 10:38:45"}
{"level":"info","message":"🚀 Server running in development mode on port 5000","service":"wholesale-market-api","timestamp":"2025-11-14 10:38:47"}
{"level":"info","message":"📊 Health check available at http://localhost:5000/health","service":"wholesale-market-api","timestamp":"2025-11-14 10:38:47"}
{"level":"info","message":"🚀 Server running in development mode on port 5000","service":"wholesale-market-api","timestamp":"2025-11-14 10:39:13"}
{"level":"info","message":"📊 Health check available at http://localhost:5000/health","service":"wholesale-market-api","timestamp":"2025-11-14 10:39:13"}
{"level":"info","message":"🚀 Server running in development mode on port 5000","service":"wholesale-market-api","timestamp":"2025-11-14 10:40:40"}
{"level":"info","message":"📊 Health check available at http://localhost:5000/health","service":"wholesale-market-api","timestamp":"2025-11-14 10:40:40"}
{"level":"info","message":"🚀 Server running in development mode on port 5000","service":"wholesale-market-api","timestamp":"2025-11-14 11:08:01"}
{"level":"info","message":"📊 Health check available at http://localhost:5000/health","service":"wholesale-market-api","timestamp":"2025-11-14 11:08:01"}
{"level":"info","message":"🚀 Server running in development mode on port 5000","service":"wholesale-market-api","timestamp":"2025-11-14 11:17:42"}
{"level":"info","message":"📊 Health check available at http://localhost:5000/health","service":"wholesale-market-api","timestamp":"2025-11-14 11:17:42"}
{"level":"info","message":"🚀 Server running in development mode on port 5000","service":"wholesale-market-api","timestamp":"2025-11-14 11:17:44"}
{"level":"info","message":"📊 Health check available at http://localhost:5000/health","service":"wholesale-market-api","timestamp":"2025-11-14 11:17:44"}
{"level":"info","message":"🚀 Server running in development mode on port 5000","service":"wholesale-market-api","timestamp":"2025-11-14 11:17:48"}
{"level":"info","message":"📊 Health check available at http://localhost:5000/health","service":"wholesale-market-api","timestamp":"2025-11-14 11:17:48"}
{"level":"info","message":"🚀 Server running in development mode on port 5000","service":"wholesale-market-api","timestamp":"2025-11-14 11:20:28"}
{"level":"info","message":"📊 Health check available at http://localhost:5000/health","service":"wholesale-market-api","timestamp":"2025-11-14 11:20:28"}
{"level":"info","message":"🚀 Server running in development mode on port 5000","service":"wholesale-market-api","timestamp":"2025-11-14 11:20:28"}
{"level":"info","message":"📊 Health check available at http://localhost:5000/health","service":"wholesale-market-api","timestamp":"2025-11-14 11:20:28"}
{"level":"info","message":"🚀 Server running in development mode on port 5000","service":"wholesale-market-api","timestamp":"2025-11-14 11:20:38"}
{"level":"info","message":"📊 Health check available at http://localhost:5000/health","service":"wholesale-market-api","timestamp":"2025-11-14 11:20:38"}
{"level":"info","message":"🚀 Server running in development mode on port 5000","service":"wholesale-market-api","timestamp":"2025-11-14 11:20:46"}
{"level":"info","message":"📊 Health check available at http://localhost:5000/health","service":"wholesale-market-api","timestamp":"2025-11-14 11:20:46"}
{"level":"info","message":"🚀 Server running in development mode on port 5000","service":"wholesale-market-api","timestamp":"2025-11-14 11:33:16"}
{"level":"info","message":"📊 Health check available at http://localhost:5000/health","service":"wholesale-market-api","timestamp":"2025-11-14 11:33:16"}
{"level":"info","message":"🚀 Server running in development mode on port 5000","service":"wholesale-market-api","timestamp":"2025-11-14 11:33:22"}
{"level":"info","message":"📊 Health check available at http://localhost:5000/health","service":"wholesale-market-api","timestamp":"2025-11-14 11:33:23"}
{"level":"info","message":"🚀 Server running in development mode on port 5000","service":"wholesale-market-api","timestamp":"2025-11-14 11:33:26"}
{"level":"info","message":"📊 Health check available at http://localhost:5000/health","service":"wholesale-market-api","timestamp":"2025-11-14 11:33:26"}
{"level":"info","message":"🚀 Server running in development mode on port 5000","service":"wholesale-market-api","timestamp":"2025-11-14 11:41:47"}
{"level":"info","message":"📊 Health check available at http://localhost:5000/health","service":"wholesale-market-api","timestamp":"2025-11-14 11:41:47"}
{"level":"info","message":"🚀 Server running in development mode on port 5000","service":"wholesale-market-api","timestamp":"2025-11-14 11:42:08"}
{"level":"info","message":"📊 Health check available at http://localhost:5000/health","service":"wholesale-market-api","timestamp":"2025-11-14 11:42:08"}
{"level":"info","message":"🚀 Server running in development mode on port 5000","service":"wholesale-market-api","timestamp":"2025-11-14 11:48:12"}
{"level":"info","message":"📊 Health check available at http://localhost:5000/health","service":"wholesale-market-api","timestamp":"2025-11-14 11:48:12"}
{"level":"info","message":"🚀 Server running in development mode on port 5000","service":"wholesale-market-api","timestamp":"2025-11-14 11:48:37"}
{"level":"info","message":"📊 Health check available at http://localhost:5000/health","service":"wholesale-market-api","timestamp":"2025-11-14 11:48:37"}
{"level":"info","message":"🚀 Server running in development mode on port 5000","service":"wholesale-market-api","timestamp":"2025-11-14 11:59:52"}
{"level":"info","message":"📊 Health check available at http://localhost:5000/health","service":"wholesale-market-api","timestamp":"2025-11-14 11:59:52"}
{"level":"info","message":"🚀 Server running in development mode on port 5000","service":"wholesale-market-api","timestamp":"2025-11-14 12:00:05"}
{"level":"info","message":"📊 Health check available at http://localhost:5000/health","service":"wholesale-market-api","timestamp":"2025-11-14 12:00:05"}
{"level":"info","message":"🚀 Server running in development mode on port 5000","service":"wholesale-market-api","timestamp":"2025-11-14 12:00:13"}
{"level":"info","message":"📊 Health check available at http://localhost:5000/health","service":"wholesale-market-api","timestamp":"2025-11-14 12:00:13"}
{"level":"info","message":"🚀 Server running in development mode on port 5000","service":"wholesale-market-api","timestamp":"2025-11-14 12:00:52"}
{"level":"info","message":"📊 Health check available at http://localhost:5000/health","service":"wholesale-market-api","timestamp":"2025-11-14 12:00:52"}
{"level":"info","message":"🚀 Server running in development mode on port 5000","service":"wholesale-market-api","timestamp":"2025-11-14 12:01:23"}
{"level":"info","message":"📊 Health check available at http://localhost:5000/health","service":"wholesale-market-api","timestamp":"2025-11-14 12:01:23"}
{"level":"info","message":"🚀 Server running in development mode on port 5000","service":"wholesale-market-api","timestamp":"2025-11-14 12:02:14"}
{"level":"info","message":"📊 Health check available at http://localhost:5000/health","service":"wholesale-market-api","timestamp":"2025-11-14 12:02:14"}
{"level":"info","message":"🚀 Server running in development mode on port 5000","service":"wholesale-market-api","timestamp":"2025-11-14 12:02:19"}
{"level":"info","message":"📊 Health check available at http://localhost:5000/health","service":"wholesale-market-api","timestamp":"2025-11-14 12:02:19"}
{"level":"info","message":"🚀 Server running in development mode on port 5000","service":"wholesale-market-api","timestamp":"2025-11-14 12:19:49"}
{"level":"info","message":"📊 Health check available at http://localhost:5000/health","service":"wholesale-market-api","timestamp":"2025-11-14 12:19:49"}
{"level":"info","message":"🚀 Server running in development mode on port 5000","service":"wholesale-market-api","timestamp":"2025-11-14 12:19:55"}
{"level":"info","message":"📊 Health check available at http://localhost:5000/health","service":"wholesale-market-api","timestamp":"2025-11-14 12:19:55"}
{"level":"info","message":"🚀 Server running in development mode on port 5000","service":"wholesale-market-api","timestamp":"2025-11-14 12:20:48"}
{"level":"info","message":"📊 Health check available at http://localhost:5000/health","service":"wholesale-market-api","timestamp":"2025-11-14 12:20:48"}
{"level":"info","message":"🚀 Server running in development mode on port 5000","service":"wholesale-market-api","timestamp":"2025-11-14 12:21:07"}
{"level":"info","message":"📊 Health check available at http://localhost:5000/health","service":"wholesale-market-api","timestamp":"2025-11-14 12:21:07"}
{"level":"info","message":"🚀 Server running in development mode on port 5000","service":"wholesale-market-api","timestamp":"2025-11-14 12:21:14"}
{"level":"info","message":"📊 Health check available at http://localhost:5000/health","service":"wholesale-market-api","timestamp":"2025-11-14 12:21:14"}
{"level":"info","message":"🚀 Server running in development mode on port 5000","service":"wholesale-market-api","timestamp":"2025-11-14 12:25:09"}
{"level":"info","message":"📊 Health check available at http://localhost:5000/health","service":"wholesale-market-api","timestamp":"2025-11-14 12:25:09"}
{"level":"info","message":"🚀 Server running in development mode on port 5000","service":"wholesale-market-api","timestamp":"2025-11-14 12:25:10"}
{"level":"info","message":"📊 Health check available at http://localhost:5000/health","service":"wholesale-market-api","timestamp":"2025-11-14 12:25:10"}
{"level":"info","message":"🚀 Server running in development mode on port 5000","service":"wholesale-market-api","timestamp":"2025-11-14 12:25:11"}
{"level":"info","message":"📊 Health check available at http://localhost:5000/health","service":"wholesale-market-api","timestamp":"2025-11-14 12:25:11"}
{"level":"info","message":"🚀 Server running in development mode on port 5000","service":"wholesale-market-api","timestamp":"2025-11-14 12:25:16"}
{"level":"info","message":"📊 Health check available at http://localhost:5000/health","service":"wholesale-market-api","timestamp":"2025-11-14 12:25:16"}
{"level":"info","message":"🚀 Server running in development mode on port 5000","service":"wholesale-market-api","timestamp":"2025-11-14 12:25:23"}
{"level":"info","message":"📊 Health check available at http://localhost:5000/health","service":"wholesale-market-api","timestamp":"2025-11-14 12:25:23"}
{"level":"info","message":"🚀 Server running in development mode on port 5000","service":"wholesale-market-api","timestamp":"2025-11-14 12:25:58"}
{"level":"info","message":"📊 Health check available at http://localhost:5000/health","service":"wholesale-market-api","timestamp":"2025-11-14 12:25:58"}
{"level":"info","message":"🚀 Server running in development mode on port 5000","service":"wholesale-market-api","timestamp":"2025-11-14 12:35:20"}
{"level":"info","message":"📊 Health check available at http://localhost:5000/health","service":"wholesale-market-api","timestamp":"2025-11-14 12:35:20"}
{"level":"info","message":"🚀 Server running in development mode on port 5000","service":"wholesale-market-api","timestamp":"2025-11-14 12:36:26"}
{"level":"info","message":"📊 Health check available at http://localhost:5000/health","service":"wholesale-market-api","timestamp":"2025-11-14 12:36:26"}
{"level":"info","message":"🚀 Server running in development mode on port 5000","service":"wholesale-market-api","timestamp":"2025-11-14 12:37:41"}
{"level":"info","message":"📊 Health check available at http://localhost:5000/health","service":"wholesale-market-api","timestamp":"2025-11-14 12:37:41"}
{"level":"info","message":"🚀 Server running in development mode on port 5000","service":"wholesale-market-api","timestamp":"2025-11-14 12:40:09"}
{"level":"info","message":"📊 Health check available at http://localhost:5000/health","service":"wholesale-market-api","timestamp":"2025-11-14 12:40:09"}
{"level":"info","message":"🚀 Server running in development mode on port 5000","service":"wholesale-market-api","timestamp":"2025-11-14 12:40:10"}
{"level":"info","message":"📊 Health check available at http://localhost:5000/health","service":"wholesale-market-api","timestamp":"2025-11-14 12:40:10"}
{"level":"info","message":"🚀 Server running in development mode on port 5000","service":"wholesale-market-api","timestamp":"2025-11-14 12:40:23"}
{"level":"info","message":"📊 Health check available at http://localhost:5000/health","service":"wholesale-market-api","timestamp":"2025-11-14 12:40:23"}
{"level":"info","message":"🚀 Server running in development mode on port 5000","service":"wholesale-market-api","timestamp":"2025-11-14 12:40:39"}
{"level":"info","message":"📊 Health check available at http://localhost:5000/health","service":"wholesale-market-api","timestamp":"2025-11-14 12:40:39"}
{"level":"info","message":"🚀 Server running in development mode on port 5000","service":"wholesale-market-api","timestamp":"2025-11-14 12:46:36"}
{"level":"info","message":"📊 Health check available at http://localhost:5000/health","service":"wholesale-market-api","timestamp":"2025-11-14 12:46:36"}
{"level":"info","message":"🚀 Server running in development mode on port 5000","service":"wholesale-market-api","timestamp":"2025-11-14 12:46:36"}
{"level":"info","message":"📊 Health check available at http://localhost:5000/health","service":"wholesale-market-api","timestamp":"2025-11-14 12:46:36"}
{"level":"info","message":"🚀 Server running in development mode on port 5000","service":"wholesale-market-api","timestamp":"2025-11-14 12:46:36"}
{"level":"info","message":"📊 Health check available at http://localhost:5000/health","service":"wholesale-market-api","timestamp":"2025-11-14 12:46:36"}
{"level":"info","message":"SIGINT received, shutting down gracefully","service":"wholesale-market-api","timestamp":"2025-11-14 12:54:50"}
{"level":"info","message":"SIGINT received, shutting down gracefully","service":"wholesale-market-api","timestamp":"2025-11-14 12:54:50"}
{"level":"info","message":"SIGINT received, shutting down gracefully","service":"wholesale-market-api","timestamp":"2025-11-14 12:54:50"}
{"level":"info","message":"SIGINT received, shutting down gracefully","service":"wholesale-market-api","timestamp":"2025-11-14 12:54:50"}
{"level":"info","message":"SIGINT received, shutting down gracefully","service":"wholesale-market-api","timestamp":"2025-11-14 12:54:50"}
{"level":"info","message":"SIGINT received, shutting down gracefully","service":"wholesale-market-api","timestamp":"2025-11-14 12:54:50"}
{"level":"info","message":"SIGINT received, shutting down gracefully","service":"wholesale-market-api","timestamp":"2025-11-14 12:54:50"}
{"level":"info","message":"SIGINT received, shutting down gracefully","service":"wholesale-market-api","timestamp":"2025-11-14 12:54:51"}
{"level":"info","message":"SIGINT received, shutting down gracefully","service":"wholesale-market-api","timestamp":"2025-11-14 12:54:51"}
{"level":"info","message":"SIGINT received, shutting down gracefully","service":"wholesale-market-api","timestamp":"2025-11-14 12:54:51"}
{"level":"info","message":"🚀 Server running in development mode on port 5000","service":"wholesale-market-api","timestamp":"2025-11-14 12:59:14"}
{"level":"info","message":"📊 Health check available at http://localhost:5000/health","service":"wholesale-market-api","timestamp":"2025-11-14 12:59:14"}
{"level":"info","message":"🚀 Server running in development mode on port 5000","service":"wholesale-market-api","timestamp":"2025-11-14 12:59:22"}
{"level":"info","message":"📊 Health check available at http://localhost:5000/health","service":"wholesale-market-api","timestamp":"2025-11-14 12:59:22"}
{"level":"info","message":"🚀 Server running in development mode on port 5000","service":"wholesale-market-api","timestamp":"2025-11-14 12:59:31"}
{"level":"info","message":"📊 Health check available at http://localhost:5000/health","service":"wholesale-market-api","timestamp":"2025-11-14 12:59:31"}
{"level":"info","message":"🚀 Server running in development mode on port 5000","service":"wholesale-market-api","timestamp":"2025-11-14 12:59:35"}
{"level":"info","message":"📊 Health check available at http://localhost:5000/health","service":"wholesale-market-api","timestamp":"2025-11-14 12:59:35"}
{"level":"info","message":"🚀 Server running in development mode on port 5000","service":"wholesale-market-api","timestamp":"2025-11-14 12:59:41"}
{"level":"info","message":"📊 Health check available at http://localhost:5000/health","service":"wholesale-market-api","timestamp":"2025-11-14 12:59:41"}
{"level":"info","message":"🚀 Server running in development mode on port 5000","service":"wholesale-market-api","timestamp":"2025-11-14 12:59:49"}
{"level":"info","message":"📊 Health check available at http://localhost:5000/health","service":"wholesale-market-api","timestamp":"2025-11-14 12:59:49"}
{"level":"info","message":"🚀 Server running in development mode on port 5000","service":"wholesale-market-api","timestamp":"2025-11-14 13:01:43"}
{"level":"info","message":"📊 Health check available at http://localhost:5000/health","service":"wholesale-market-api","timestamp":"2025-11-14 13:01:43"}
{"level":"info","message":"🚀 Server running in development mode on port 5000","service":"wholesale-market-api","timestamp":"2025-11-14 13:01:47"}
{"level":"info","message":"📊 Health check available at http://localhost:5000/health","service":"wholesale-market-api","timestamp":"2025-11-14 13:01:47"}
{"level":"info","message":"🚀 Server running in development mode on port 5000","service":"wholesale-market-api","timestamp":"2025-11-14 13:01:51"}
{"level":"info","message":"📊 Health check available at http://localhost:5000/health","service":"wholesale-market-api","timestamp":"2025-11-14 13:01:51"}
{"level":"info","message":"🚀 Server running in development mode on port 5000","service":"wholesale-market-api","timestamp":"2025-11-14 13:01:54"}
{"level":"info","message":"📊 Health check available at http://localhost:5000/health","service":"wholesale-market-api","timestamp":"2025-11-14 13:01:54"}
{"level":"info","message":"🚀 Server running in development mode on port 5000","service":"wholesale-market-api","timestamp":"2025-11-14 13:05:21"}
{"level":"info","message":"📊 Health check available at http://localhost:5000/health","service":"wholesale-market-api","timestamp":"2025-11-14 13:05:21"}
{"level":"info","message":"🚀 Server running in development mode on port 5000","service":"wholesale-market-api","timestamp":"2025-11-14 13:17:36"}
{"level":"info","message":"📊 Health check available at http://localhost:5000/health","service":"wholesale-market-api","timestamp":"2025-11-14 13:17:36"}
{"level":"info","message":"🚀 Server running in development mode on port 5000","service":"wholesale-market-api","timestamp":"2025-11-14 13:18:02"}
{"level":"info","message":"📊 Health check available at http://localhost:5000/health","service":"wholesale-market-api","timestamp":"2025-11-14 13:18:02"}
{"level":"info","message":"🚀 Server running in development mode on port 5000","service":"wholesale-market-api","timestamp":"2025-11-14 13:18:08"}
{"level":"info","message":"📊 Health check available at http://localhost:5000/health","service":"wholesale-market-api","timestamp":"2025-11-14 13:18:08"}
{"level":"info","message":"🚀 Server running in development mode on port 5000","service":"wholesale-market-api","timestamp":"2025-11-14 13:18:18"}
{"level":"info","message":"📊 Health check available at http://localhost:5000/health","service":"wholesale-market-api","timestamp":"2025-11-14 13:18:18"}
{"level":"info","message":"🚀 Server running in development mode on port 5000","service":"wholesale-market-api","timestamp":"2025-11-14 13:18:22"}
{"level":"info","message":"📊 Health check available at http://localhost:5000/health","service":"wholesale-market-api","timestamp":"2025-11-14 13:18:22"}
{"level":"info","message":"🚀 Server running in development mode on port 5000","service":"wholesale-market-api","timestamp":"2025-11-14 13:18:25"}
{"level":"info","message":"📊 Health check available at http://localhost:5000/health","service":"wholesale-market-api","timestamp":"2025-11-14 13:18:25"}
{"level":"info","message":"🚀 Server running in development mode on port 5000","service":"wholesale-market-api","timestamp":"2025-11-14 13:18:29"}
{"level":"info","message":"📊 Health check available at http://localhost:5000/health","service":"wholesale-market-api","timestamp":"2025-11-14 13:18:29"}
{"level":"info","message":"🚀 Server running in development mode on port 5000","service":"wholesale-market-api","timestamp":"2025-11-14 13:18:34"}
{"level":"info","message":"📊 Health check available at http://localhost:5000/health","service":"wholesale-market-api","timestamp":"2025-11-14 13:18:34"}
{"level":"info","message":"🚀 Server running in development mode on port 5000","service":"wholesale-market-api","timestamp":"2025-11-14 13:19:29"}
{"level":"info","message":"📊 Health check available at http://localhost:5000/health","service":"wholesale-market-api","timestamp":"2025-11-14 13:19:29"}
{"level":"info","message":"🚀 Server running in development mode on port 5000","service":"wholesale-market-api","timestamp":"2025-11-14 13:22:32"}
{"level":"info","message":"📊 Health check available at http://localhost:5000/health","service":"wholesale-market-api","timestamp":"2025-11-14 13:22:32"}
{"level":"info","message":"🚀 Server running in development mode on port 5000","service":"wholesale-market-api","timestamp":"2025-11-14 13:26:16"}
{"level":"info","message":"📊 Health check available at http://localhost:5000/health","service":"wholesale-market-api","timestamp":"2025-11-14 13:26:16"}
{"level":"info","message":"🚀 Server running in development mode on port 5000","service":"wholesale-market-api","timestamp":"2025-11-14 13:32:41"}
{"level":"info","message":"📊 Health check available at http://localhost:5000/health","service":"wholesale-market-api","timestamp":"2025-11-14 13:32:41"}
{"level":"info","message":"🚀 Server running in development mode on port 5000","service":"wholesale-market-api","timestamp":"2025-11-14 13:33:27"}
{"level":"info","message":"📊 Health check available at http://localhost:5000/health","service":"wholesale-market-api","timestamp":"2025-11-14 13:33:27"}
{"level":"info","message":"🚀 Server running in development mode on port 5000","service":"wholesale-market-api","timestamp":"2025-11-14 13:34:49"}
{"level":"info","message":"📊 Health check available at http://localhost:5000/health","service":"wholesale-market-api","timestamp":"2025-11-14 13:34:49"}
{"level":"info","message":"🚀 Server running in development mode on port 5000","service":"wholesale-market-api","timestamp":"2025-11-14 13:35:19"}
{"level":"info","message":"📊 Health check available at http://localhost:5000/health","service":"wholesale-market-api","timestamp":"2025-11-14 13:35:19"}
{"level":"info","message":"🚀 Server running in development mode on port 5000","service":"wholesale-market-api","timestamp":"2025-11-14 13:35:36"}
{"level":"info","message":"📊 Health check available at http://localhost:5000/health","service":"wholesale-market-api","timestamp":"2025-11-14 13:35:36"}
{"level":"info","message":"🚀 Server running in development mode on port 5000","service":"wholesale-market-api","timestamp":"2025-11-14 13:35:40"}
{"level":"info","message":"📊 Health check available at http://localhost:5000/health","service":"wholesale-market-api","timestamp":"2025-11-14 13:35:40"}
{"level":"info","message":"🚀 Server running in development mode on port 5000","service":"wholesale-market-api","timestamp":"2025-11-14 13:35:44"}
{"level":"info","message":"📊 Health check available at http://localhost:5000/health","service":"wholesale-market-api","timestamp":"2025-11-14 13:35:44"}
{"level":"info","message":"🚀 Server running in development mode on port 5000","service":"wholesale-market-api","timestamp":"2025-11-14 13:35:48"}
{"level":"info","message":"📊 Health check available at http://localhost:5000/health","service":"wholesale-market-api","timestamp":"2025-11-14 13:35:48"}
{"level":"info","message":"🚀 Server running in development mode on port 5000","service":"wholesale-market-api","timestamp":"2025-11-14 13:35:53"}
{"level":"info","message":"📊 Health check available at http://localhost:5000/health","service":"wholesale-market-api","timestamp":"2025-11-14 13:35:53"}
{"level":"info","message":"🚀 Server running in development mode on port 5000","service":"wholesale-market-api","timestamp":"2025-11-14 13:37:16"}
{"level":"info","message":"📊 Health check available at http://localhost:5000/health","service":"wholesale-market-api","timestamp":"2025-11-14 13:37:16"}
{"level":"info","message":"🚀 Server running in development mode on port 5000","service":"wholesale-market-api","timestamp":"2025-11-14 13:37:58"}
{"level":"info","message":"📊 Health check available at http://localhost:5000/health","service":"wholesale-market-api","timestamp":"2025-11-14 13:37:58"}
{"level":"info","message":"🚀 Server running in development mode on port 5000","service":"wholesale-market-api","timestamp":"2025-11-14 13:38:03"}
{"level":"info","message":"📊 Health check available at http://localhost:5000/health","service":"wholesale-market-api","timestamp":"2025-11-14 13:38:03"}
{"level":"info","message":"🚀 Server running in development mode on port 5000","service":"wholesale-market-api","timestamp":"2025-11-14 13:53:23"}
{"level":"info","message":"📊 Health check available at http://localhost:5000/health","service":"wholesale-market-api","timestamp":"2025-11-14 13:53:23"}
{"level":"info","message":"🚀 Server running in development mode on port 5000","service":"wholesale-market-api","timestamp":"2025-11-14 13:59:15"}
{"level":"info","message":"📊 Health check available at http://localhost:5000/health","service":"wholesale-market-api","timestamp":"2025-11-14 13:59:15"}
{"level":"info","message":"SIGINT received, shutting down gracefully","service":"wholesale-market-api","timestamp":"2025-11-14 14:06:22"}
{"level":"info","message":"🚀 Server running in development mode on port 5000","service":"wholesale-market-api","timestamp":"2025-11-14 14:07:57"}
{"level":"info","message":"📊 Health check available at http://localhost:5000/health","service":"wholesale-market-api","timestamp":"2025-11-14 14:07:57"}
{"level":"info","message":"🚀 Server running in development mode on port 5000","service":"wholesale-market-api","timestamp":"2025-11-14 14:08:04"}
{"level":"info","message":"📊 Health check available at http://localhost:5000/health","service":"wholesale-market-api","timestamp":"2025-11-14 14:08:04"}
{"level":"info","message":"🚀 Server running in development mode on port 5000","service":"wholesale-market-api","timestamp":"2025-11-14 14:11:35"}
{"level":"info","message":"📊 Health check available at http://localhost:5000/health","service":"wholesale-market-api","timestamp":"2025-11-14 14:11:35"}
{"level":"info","message":"🚀 Server running in development mode on port 5000","service":"wholesale-market-api","timestamp":"2025-11-14 14:11:42"}
{"level":"info","message":"🚀 Server running in development mode on port 5000","service":"wholesale-market-api","timestamp":"2025-11-14 14:11:45"}
{"level":"info","message":"📊 Health check available at http://localhost:5000/health","service":"wholesale-market-api","timestamp":"2025-11-14 14:11:45"}
{"level":"info","message":"🚀 Server running in development mode on port 5000","service":"wholesale-market-api","timestamp":"2025-11-14 14:11:50"}
{"level":"info","message":"📊 Health check available at http://localhost:5000/health","service":"wholesale-market-api","timestamp":"2025-11-14 14:11:50"}
{"level":"info","message":"🚀 Server running in development mode on port 5000","service":"wholesale-market-api","timestamp":"2025-11-14 14:11:58"}
{"level":"info","message":"📊 Health check available at http://localhost:5000/health","service":"wholesale-market-api","timestamp":"2025-11-14 14:11:58"}
{"level":"info","message":"🚀 Server running in development mode on port 5000","service":"wholesale-market-api","timestamp":"2025-11-14 14:12:40"}
{"level":"info","message":"📊 Health check available at http://localhost:5000/health","service":"wholesale-market-api","timestamp":"2025-11-14 14:12:40"}
{"level":"info","message":"🚀 Server running in development mode on port 5000","service":"wholesale-market-api","timestamp":"2025-11-14 14:21:37"}
{"level":"info","message":"📊 Health check available at http://localhost:5000/health","service":"wholesale-market-api","timestamp":"2025-11-14 14:21:37"}
{"level":"info","message":"🚀 Server running in development mode on port 5000","service":"wholesale-market-api","timestamp":"2025-11-14 14:21:41"}
{"level":"info","message":"📊 Health check available at http://localhost:5000/health","service":"wholesale-market-api","timestamp":"2025-11-14 14:21:41"}
{"level":"info","message":"🚀 Server running in development mode on port 5000","service":"wholesale-market-api","timestamp":"2025-11-14 14:21:47"}
{"level":"info","message":"📊 Health check available at http://localhost:5000/health","service":"wholesale-market-api","timestamp":"2025-11-14 14:21:47"}
{"level":"info","message":"🚀 Server running in development mode on port 5000","service":"wholesale-market-api","timestamp":"2025-11-14 14:41:19"}
{"level":"info","message":"📊 Health check available at http://localhost:5000/health","service":"wholesale-market-api","timestamp":"2025-11-14 14:41:19"}
{"level":"info","message":"🚀 Server running in development mode on port 5000","service":"wholesale-market-api","timestamp":"2025-11-14 14:41:39"}
{"level":"info","message":"📊 Health check available at http://localhost:5000/health","service":"wholesale-market-api","timestamp":"2025-11-14 14:41:39"}
{"level":"info","message":"🚀 Server running in development mode on port 5000","service":"wholesale-market-api","timestamp":"2025-11-14 14:45:36"}
{"level":"info","message":"📊 Health check available at http://localhost:5000/health","service":"wholesale-market-api","timestamp":"2025-11-14 14:45:36"}
{"level":"info","message":"🚀 Server running in development mode on port 5000","service":"wholesale-market-api","timestamp":"2025-11-14 14:47:34"}
{"level":"info","message":"📊 Health check available at http://localhost:5000/health","service":"wholesale-market-api","timestamp":"2025-11-14 14:47:34"}
{"level":"info","message":"🚀 Server running in development mode on port 5000","service":"wholesale-market-api","timestamp":"2025-11-14 14:48:05"}
{"level":"info","message":"📊 Health check available at http://localhost:5000/health","service":"wholesale-market-api","timestamp":"2025-11-14 14:48:05"}
{"level":"info","message":"🚀 Server running in development mode on port 5000","service":"wholesale-market-api","timestamp":"2025-11-14 14:48:43"}
{"level":"info","message":"📊 Health check available at http://localhost:5000/health","service":"wholesale-market-api","timestamp":"2025-11-14 14:48:43"}
{"level":"info","message":"🚀 Server running in development mode on port 5000","service":"wholesale-market-api","timestamp":"2025-11-14 14:49:35"}
{"level":"info","message":"📊 Health check available at http://localhost:5000/health","service":"wholesale-market-api","timestamp":"2025-11-14 14:49:35"}
{"level":"info","message":"🚀 Server running in development mode on port 5000","service":"wholesale-market-api","timestamp":"2025-11-14 14:50:16"}
{"level":"info","message":"📊 Health check available at http://localhost:5000/health","service":"wholesale-market-api","timestamp":"2025-11-14 14:50:16"}
{"level":"info","message":"🚀 Server running in development mode on port 5000","service":"wholesale-market-api","timestamp":"2025-11-14 14:50:35"}
{"level":"info","message":"📊 Health check available at http://localhost:5000/health","service":"wholesale-market-api","timestamp":"2025-11-14 14:50:35"}
{"level":"info","message":"🚀 Server running in development mode on port 5000","service":"wholesale-market-api","timestamp":"2025-11-14 14:58:04"}
{"level":"info","message":"📊 Health check available at http://localhost:5000/health","service":"wholesale-market-api","timestamp":"2025-11-14 14:58:04"}
{"level":"info","message":"SIGINT received, shutting down gracefully","service":"wholesale-market-api","timestamp":"2025-11-14 15:23:28"}
{"level":"info","message":"🚀 Server running in development mode on port 5000","service":"wholesale-market-api","timestamp":"2025-11-14 15:24:53"}
{"level":"info","message":"📊 Health check available at http://localhost:5000/health","service":"wholesale-market-api","timestamp":"2025-11-14 15:24:53"}
{"level":"info","message":"🚀 Server running in development mode on port 5000","service":"wholesale-market-api","timestamp":"2025-11-14 15:25:46"}
{"level":"info","message":"📊 Health check available at http://localhost:5000/health","service":"wholesale-market-api","timestamp":"2025-11-14 15:25:46"}
{"level":"info","message":"🚀 Server running in development mode on port 5000","service":"wholesale-market-api","timestamp":"2025-11-14 15:26:29"}
{"level":"info","message":"📊 Health check available at http://localhost:5000/health","service":"wholesale-market-api","timestamp":"2025-11-14 15:26:29"}
{"level":"info","message":"🚀 Server running in development mode on port 5000","service":"wholesale-market-api","timestamp":"2025-11-14 15:26:31"}
{"level":"info","message":"📊 Health check available at http://localhost:5000/health","service":"wholesale-market-api","timestamp":"2025-11-14 15:26:31"}
{"level":"info","message":"🚀 Server running in development mode on port 5000","service":"wholesale-market-api","timestamp":"2025-11-14 15:26:53"}
{"level":"info","message":"📊 Health check available at http://localhost:5000/health","service":"wholesale-market-api","timestamp":"2025-11-14 15:26:53"}
{"level":"info","message":"SIGINT received, shutting down gracefully","service":"wholesale-market-api","timestamp":"2025-11-14 15:48:47"}
{"level":"info","message":"🚀 Server running in development mode on port 5000","service":"wholesale-market-api","timestamp":"2025-11-14 15:48:58"}
{"level":"info","message":"📊 Health check available at http://localhost:5000/health","service":"wholesale-market-api","timestamp":"2025-11-14 15:48:58"}
{"level":"info","message":"🚀 Server running in development mode on port 5000","service":"wholesale-market-api","timestamp":"2025-11-14 15:49:08"}
{"level":"info","message":"📊 Health check available at http://localhost:5000/health","service":"wholesale-market-api","timestamp":"2025-11-14 15:49:08"}
{"level":"info","message":"🚀 Server running in development mode on port 5000","service":"wholesale-market-api","timestamp":"2025-11-14 16:39:10"}
{"level":"info","message":"📊 Health check available at http://localhost:5000/health","service":"wholesale-market-api","timestamp":"2025-11-14 16:39:10"}
{"level":"info","message":"🚀 Server running in development mode on port 5000","service":"wholesale-market-api","timestamp":"2025-11-14 17:02:37"}
{"level":"info","message":"📊 Health check available at http://localhost:5000/health","service":"wholesale-market-api","timestamp":"2025-11-14 17:02:37"}
{"level":"info","message":"🚀 Server running in development mode on port 5000","service":"wholesale-market-api","timestamp":"2025-11-14 17:11:48"}
{"level":"info","message":"📊 Health check available at http://localhost:5000/health","service":"wholesale-market-api","timestamp":"2025-11-14 17:11:48"}
{"level":"info","message":"SIGINT received, shutting down gracefully","service":"wholesale-market-api","timestamp":"2025-11-14 17:44:56"}
{"level":"info","message":"🚀 Server running in development mode on port 5000","service":"wholesale-market-api","timestamp":"2025-11-14 17:49:23"}
{"level":"info","message":"📊 Health check available at http://localhost:5000/health","service":"wholesale-market-api","timestamp":"2025-11-14 17:49:23"}
{"level":"info","message":"🚀 Server running in development mode on port 5000","service":"wholesale-market-api","timestamp":"2025-11-14 17:52:52"}
{"level":"info","message":"📊 Health check available at http://localhost:5000/health","service":"wholesale-market-api","timestamp":"2025-11-14 17:52:52"}
{"level":"info","message":"🚀 Server running in development mode on port 5000","service":"wholesale-market-api","timestamp":"2025-11-14 17:56:22"}
{"level":"info","message":"📊 Health check available at http://localhost:5000/health","service":"wholesale-market-api","timestamp":"2025-11-14 17:56:22"}
{"level":"info","message":"🚀 Server running in development mode on port 5000","service":"wholesale-market-api","timestamp":"2025-11-14 18:04:01"}
{"level":"info","message":"📊 Health check available at http://localhost:5000/health","service":"wholesale-market-api","timestamp":"2025-11-14 18:04:01"}
{"level":"info","message":"🚀 Server running in development mode on port 5000","service":"wholesale-market-api","timestamp":"2025-11-14 18:09:40"}
{"level":"info","message":"📊 Health check available at http://localhost:5000/health","service":"wholesale-market-api","timestamp":"2025-11-14 18:09:40"}
{"level":"info","message":"🚀 Server running in development mode on port 5000","service":"wholesale-market-api","timestamp":"2025-12-09 13:31:55"}
{"level":"info","message":"📊 Health check available at http://localhost:5000/health","service":"wholesale-market-api","timestamp":"2025-12-09 13:31:55"}
{"level":"info","message":"SIGINT received, shutting down gracefully","service":"wholesale-market-api","timestamp":"2025-12-09 14:44:05"}
{"level":"info","message":"🚀 Server running in development mode on port 5000","service":"wholesale-market-api","timestamp":"2025-12-09 15:46:06"}
{"level":"info","message":"📊 Health check available at http://localhost:5000/health","service":"wholesale-market-api","timestamp":"2025-12-09 15:46:06"}
{"level":"info","message":"🚀 Server running in development mode on port 5000","service":"wholesale-market-api","timestamp":"2025-12-10 11:19:03"}
{"level":"info","message":"📊 Health check available at http://localhost:5000/health","service":"wholesale-market-api","timestamp":"2025-12-10 11:19:03"}
{"level":"info","message":"SIGINT received, shutting down gracefully","service":"wholesale-market-api","timestamp":"2025-12-10 12:37:37"}
